<?xml version="1.0" encoding="UTF-8"?>
<testng-results ignored="0" total="1" passed="1" failed="0" skipped="0">
  <reporter-output>
    <line>
      <![CDATA[[[ChromeDriver: chrome on windows (14275cfab185c474a68395566aa00bfc)] -> xpath: //span[text()='Home Loans']//parent::a[@id='navHomeLoans']]<---------> has been clicked<br>]]>
    </line>
    <line>
      <![CDATA[[[ChromeDriver: chrome on windows (14275cfab185c474a68395566aa00bfc)] -> xpath: //span[text()='Explore home loans']] ---> Actual text : Explore home loans. Expected text : Explore home loans<br>]]>
    </line>
    <line>
      <![CDATA[[[ChromeDriver: chrome on windows (14275cfab185c474a68395566aa00bfc)] -> link text: Mortgage]<---------> has been clicked<br>]]>
    </line>
    <line>
      <![CDATA[Current URL is : https://www.bankofamerica.com/mortgage/home-mortgage/<br>]]>
    </line>
    <line>
      <![CDATA[[[ChromeDriver: chrome on windows (14275cfab185c474a68395566aa00bfc)] -> id: applyNow]<---------> is Displayed, true<br>]]>
    </line>
    <line>
      <![CDATA[Proxy element for: DefaultElementLocator 'By.id: applyNow'<---------> has been clicked<br>]]>
    </line>
    <line>
      <![CDATA[Current URL is : https://secure.bankofamerica.com/digital-mortgage-application/landing/#landing<br>]]>
    </line>
    <line>
      <![CDATA[[[ChromeDriver: chrome on windows (14275cfab185c474a68395566aa00bfc)] -> id: dmaFlowButton]<---------> is Displayed, true<br>]]>
    </line>
    <line>
      <![CDATA[Proxy element for: DefaultElementLocator 'By.id: dmaFlowButton'<---------> has been clicked<br>]]>
    </line>
    <line>
      <![CDATA[Current URL is : https://secure.bankofamerica.com/digital-mortgage-application/mortgage/#purchase-gating-question<br>]]>
    </line>
    <line>
      <![CDATA[[[ChromeDriver: chrome on windows (14275cfab185c474a68395566aa00bfc)] -> id: propertyContractYes]<---------> has been clicked<br>]]>
    </line>
    <line>
      <![CDATA[Sleeping ... zZz 3<br>]]>
    </line>
    <line>
      <![CDATA[[[ChromeDriver: chrome on windows (14275cfab185c474a68395566aa00bfc)] -> id: isBofaCustomer-no]<---------> has been clicked<br>]]>
    </line>
    <line>
      <![CDATA[[[ChromeDriver: chrome on windows (14275cfab185c474a68395566aa00bfc)] -> id: signInContinueButton]<---------> has been clicked<br>]]>
    </line>
    <line>
      <![CDATA[Current URL is : https://secure.bankofamerica.com/digital-mortgage-application/mortgage/#bac-sign-in<br>]]>
    </line>
    <line>
      <![CDATA[[[ChromeDriver: chrome on windows (14275cfab185c474a68395566aa00bfc)] -> xpath: //span[text()='Your information']]<---------> is Displayed, false<br>]]>
    </line>
    <line>
      <![CDATA[[[ChromeDriver: chrome on windows (14275cfab185c474a68395566aa00bfc)] -> xpath: //input[@class='first-name-field spa-input-text']] ---> We can Enter : 32 Character in the field which was similar with the Expected as: 32<br>]]>
    </line>
    <line>
      <![CDATA[The Text from the [[ChromeDriver: chrome on windows (14275cfab185c474a68395566aa00bfc)] -> xpath: //input[@class='first-name-field spa-input-text']] ---> is cleared<br>]]>
    </line>
    <line>
      <![CDATA[Dilshad <-----> has been put into <-----> [[ChromeDriver: chrome on windows (14275cfab185c474a68395566aa00bfc)] -> xpath: //input[@class='first-name-field spa-input-text']] and then clicked by Tab Key<br>]]>
    </line>
    <line>
      <![CDATA[DAZ <-----> has been put into <-----> [[ChromeDriver: chrome on windows (14275cfab185c474a68395566aa00bfc)] -> id: middleName] and then clicked by Tab Key<br>]]>
    </line>
    <line>
      <![CDATA[Zannat <-----> has been put into <-----> [[ChromeDriver: chrome on windows (14275cfab185c474a68395566aa00bfc)] -> id: lastName] and then clicked by Tab Key<br>]]>
    </line>
    <line>
      <![CDATA[[[ChromeDriver: chrome on windows (14275cfab185c474a68395566aa00bfc)] -> id: suffix]<---------> has been clicked<br>]]>
    </line>
    <line>
      <![CDATA[[[ChromeDriver: chrome on windows (14275cfab185c474a68395566aa00bfc)] -> xpath: //option[text()='Sr']]<---------> has been clicked<br>]]>
    </line>
    <line>
      <![CDATA[743090789 <-----> has been put into <-----> [[ChromeDriver: chrome on windows (14275cfab185c474a68395566aa00bfc)] -> id: phoneNumber]<br>]]>
    </line>
    <line>
      <![CDATA[shshsh@gmail.com <-----> has been put into <-----> [[ChromeDriver: chrome on windows (14275cfab185c474a68395566aa00bfc)] -> id: email] and then clicked by Tab Key<br>]]>
    </line>
    <line>
      <![CDATA[45 Southwest 9th Street <-----> has been put into <-----> [[ChromeDriver: chrome on windows (14275cfab185c474a68395566aa00bfc)] -> id: locationField]<br>]]>
    </line>
    <line>
      <![CDATA[Sleeping ... zZz 3<br>]]>
    </line>
    <line>
      <![CDATA[989121234 <-----> has been put into <-----> [[ChromeDriver: chrome on windows (14275cfab185c474a68395566aa00bfc)] -> id: ssn]<br>]]>
    </line>
    <line>
      <![CDATA[09132000 <-----> has been put into <-----> [[ChromeDriver: chrome on windows (14275cfab185c474a68395566aa00bfc)] -> id: dob] and then clicked by Tab Key<br>]]>
    </line>
    <line>
      <![CDATA[[[ChromeDriver: chrome on windows (14275cfab185c474a68395566aa00bfc)] -> id: haveDependentsNo]<---------> has been clicked<br>]]>
    </line>
    <line>
      <![CDATA[Sleeping ... zZz 3<br>]]>
    </line>
    <line>
      <![CDATA[[[ChromeDriver: chrome on windows (14275cfab185c474a68395566aa00bfc)] -> id: isMLOExistNo]<---------> has been clicked<br>]]>
    </line>
    <line>
      <![CDATA[[[ChromeDriver: chrome on windows (14275cfab185c474a68395566aa00bfc)] -> id: consentToContact]<---------> has been clicked<br>]]>
    </line>
    <line>
      <![CDATA[[[ChromeDriver: chrome on windows (14275cfab185c474a68395566aa00bfc)] -> id: personalInformationContinueButton]<---------> has been clicked<br>]]>
    </line>
  </reporter-output>
  <suite started-at="2024-01-21T13:58:42 EST" name="Default suite" finished-at="2024-01-21T13:59:44 EST" duration-ms="62379">
    <groups>
    </groups>
    <test started-at="2024-01-21T13:58:42 EST" name="Default test" finished-at="2024-01-21T13:59:44 EST" duration-ms="62379">
      <class name="pages.HomeLoansTest">
        <test-method is-config="true" signature="initialReporting()[pri:0, instance:pages.HomeLoansTest@28dcca0c]" started-at="2024-01-21T13:58:42 EST" name="initialReporting" finished-at="2024-01-21T13:58:42 EST" duration-ms="224" status="PASS">
          <reporter-output>
          </reporter-output>
        </test-method> <!-- initialReporting -->
        <test-method is-config="true" signature="beforeClassSetUp()[pri:0, instance:pages.HomeLoansTest@28dcca0c]" started-at="2024-01-21T13:58:42 EST" name="beforeClassSetUp" finished-at="2024-01-21T13:58:42 EST" duration-ms="3" status="PASS">
          <reporter-output>
          </reporter-output>
        </test-method> <!-- beforeClassSetUp -->
        <test-method is-config="true" signature="initialTest(java.lang.reflect.Method)[pri:0, instance:pages.HomeLoansTest@28dcca0c]" started-at="2024-01-21T13:58:42 EST" name="initialTest" finished-at="2024-01-21T13:58:42 EST" duration-ms="9" status="PASS">
          <params>
            <param index="0">
              <value>
                <![CDATA[public void pages.HomeLoansTest.homeLoanValidationTest()]]>
              </value>
            </param>
          </params>
          <reporter-output>
          </reporter-output>
        </test-method> <!-- initialTest -->
        <test-method is-config="true" signature="setUp(java.lang.String)[pri:0, instance:pages.HomeLoansTest@28dcca0c]" started-at="2024-01-21T13:58:42 EST" name="setUp" finished-at="2024-01-21T13:58:44 EST" duration-ms="2116" status="PASS">
          <params>
            <param index="0">
              <value>
                <![CDATA[chrome]]>
              </value>
            </param>
          </params>
          <reporter-output>
          </reporter-output>
        </test-method> <!-- setUp -->
        <test-method signature="homeLoanValidationTest()[pri:0, instance:pages.HomeLoansTest@28dcca0c]" started-at="2024-01-21T13:58:44 EST" name="homeLoanValidationTest" finished-at="2024-01-21T13:59:44 EST" duration-ms="59916" status="PASS">
          <reporter-output>
            <line>
              <![CDATA[[[ChromeDriver: chrome on windows (14275cfab185c474a68395566aa00bfc)] -> xpath: //span[text()='Home Loans']//parent::a[@id='navHomeLoans']]<---------> has been clicked<br>]]>
            </line>
            <line>
              <![CDATA[[[ChromeDriver: chrome on windows (14275cfab185c474a68395566aa00bfc)] -> xpath: //span[text()='Explore home loans']] ---> Actual text : Explore home loans. Expected text : Explore home loans<br>]]>
            </line>
            <line>
              <![CDATA[[[ChromeDriver: chrome on windows (14275cfab185c474a68395566aa00bfc)] -> link text: Mortgage]<---------> has been clicked<br>]]>
            </line>
            <line>
              <![CDATA[Current URL is : https://www.bankofamerica.com/mortgage/home-mortgage/<br>]]>
            </line>
            <line>
              <![CDATA[[[ChromeDriver: chrome on windows (14275cfab185c474a68395566aa00bfc)] -> id: applyNow]<---------> is Displayed, true<br>]]>
            </line>
            <line>
              <![CDATA[Proxy element for: DefaultElementLocator 'By.id: applyNow'<---------> has been clicked<br>]]>
            </line>
            <line>
              <![CDATA[Current URL is : https://secure.bankofamerica.com/digital-mortgage-application/landing/#landing<br>]]>
            </line>
            <line>
              <![CDATA[[[ChromeDriver: chrome on windows (14275cfab185c474a68395566aa00bfc)] -> id: dmaFlowButton]<---------> is Displayed, true<br>]]>
            </line>
            <line>
              <![CDATA[Proxy element for: DefaultElementLocator 'By.id: dmaFlowButton'<---------> has been clicked<br>]]>
            </line>
            <line>
              <![CDATA[Current URL is : https://secure.bankofamerica.com/digital-mortgage-application/mortgage/#purchase-gating-question<br>]]>
            </line>
            <line>
              <![CDATA[[[ChromeDriver: chrome on windows (14275cfab185c474a68395566aa00bfc)] -> id: propertyContractYes]<---------> has been clicked<br>]]>
            </line>
            <line>
              <![CDATA[Sleeping ... zZz 3<br>]]>
            </line>
            <line>
              <![CDATA[[[ChromeDriver: chrome on windows (14275cfab185c474a68395566aa00bfc)] -> id: isBofaCustomer-no]<---------> has been clicked<br>]]>
            </line>
            <line>
              <![CDATA[[[ChromeDriver: chrome on windows (14275cfab185c474a68395566aa00bfc)] -> id: signInContinueButton]<---------> has been clicked<br>]]>
            </line>
            <line>
              <![CDATA[Current URL is : https://secure.bankofamerica.com/digital-mortgage-application/mortgage/#bac-sign-in<br>]]>
            </line>
            <line>
              <![CDATA[[[ChromeDriver: chrome on windows (14275cfab185c474a68395566aa00bfc)] -> xpath: //span[text()='Your information']]<---------> is Displayed, false<br>]]>
            </line>
            <line>
              <![CDATA[[[ChromeDriver: chrome on windows (14275cfab185c474a68395566aa00bfc)] -> xpath: //input[@class='first-name-field spa-input-text']] ---> We can Enter : 32 Character in the field which was similar with the Expected as: 32<br>]]>
            </line>
            <line>
              <![CDATA[The Text from the [[ChromeDriver: chrome on windows (14275cfab185c474a68395566aa00bfc)] -> xpath: //input[@class='first-name-field spa-input-text']] ---> is cleared<br>]]>
            </line>
            <line>
              <![CDATA[Dilshad <-----> has been put into <-----> [[ChromeDriver: chrome on windows (14275cfab185c474a68395566aa00bfc)] -> xpath: //input[@class='first-name-field spa-input-text']] and then clicked by Tab Key<br>]]>
            </line>
            <line>
              <![CDATA[DAZ <-----> has been put into <-----> [[ChromeDriver: chrome on windows (14275cfab185c474a68395566aa00bfc)] -> id: middleName] and then clicked by Tab Key<br>]]>
            </line>
            <line>
              <![CDATA[Zannat <-----> has been put into <-----> [[ChromeDriver: chrome on windows (14275cfab185c474a68395566aa00bfc)] -> id: lastName] and then clicked by Tab Key<br>]]>
            </line>
            <line>
              <![CDATA[[[ChromeDriver: chrome on windows (14275cfab185c474a68395566aa00bfc)] -> id: suffix]<---------> has been clicked<br>]]>
            </line>
            <line>
              <![CDATA[[[ChromeDriver: chrome on windows (14275cfab185c474a68395566aa00bfc)] -> xpath: //option[text()='Sr']]<---------> has been clicked<br>]]>
            </line>
            <line>
              <![CDATA[743090789 <-----> has been put into <-----> [[ChromeDriver: chrome on windows (14275cfab185c474a68395566aa00bfc)] -> id: phoneNumber]<br>]]>
            </line>
            <line>
              <![CDATA[shshsh@gmail.com <-----> has been put into <-----> [[ChromeDriver: chrome on windows (14275cfab185c474a68395566aa00bfc)] -> id: email] and then clicked by Tab Key<br>]]>
            </line>
            <line>
              <![CDATA[45 Southwest 9th Street <-----> has been put into <-----> [[ChromeDriver: chrome on windows (14275cfab185c474a68395566aa00bfc)] -> id: locationField]<br>]]>
            </line>
            <line>
              <![CDATA[Sleeping ... zZz 3<br>]]>
            </line>
            <line>
              <![CDATA[989121234 <-----> has been put into <-----> [[ChromeDriver: chrome on windows (14275cfab185c474a68395566aa00bfc)] -> id: ssn]<br>]]>
            </line>
            <line>
              <![CDATA[09132000 <-----> has been put into <-----> [[ChromeDriver: chrome on windows (14275cfab185c474a68395566aa00bfc)] -> id: dob] and then clicked by Tab Key<br>]]>
            </line>
            <line>
              <![CDATA[[[ChromeDriver: chrome on windows (14275cfab185c474a68395566aa00bfc)] -> id: haveDependentsNo]<---------> has been clicked<br>]]>
            </line>
            <line>
              <![CDATA[Sleeping ... zZz 3<br>]]>
            </line>
            <line>
              <![CDATA[[[ChromeDriver: chrome on windows (14275cfab185c474a68395566aa00bfc)] -> id: isMLOExistNo]<---------> has been clicked<br>]]>
            </line>
            <line>
              <![CDATA[[[ChromeDriver: chrome on windows (14275cfab185c474a68395566aa00bfc)] -> id: consentToContact]<---------> has been clicked<br>]]>
            </line>
            <line>
              <![CDATA[[[ChromeDriver: chrome on windows (14275cfab185c474a68395566aa00bfc)] -> id: personalInformationContinueButton]<---------> has been clicked<br>]]>
            </line>
          </reporter-output>
        </test-method> <!-- homeLoanValidationTest -->
        <test-method is-config="true" signature="afterEachTest(java.lang.reflect.Method,org.testng.ITestResult)[pri:0, instance:pages.HomeLoansTest@28dcca0c]" started-at="2024-01-21T13:59:44 EST" name="afterEachTest" finished-at="2024-01-21T13:59:44 EST" duration-ms="6" status="PASS">
          <params>
            <param index="0">
              <value>
                <![CDATA[public void pages.HomeLoansTest.homeLoanValidationTest()]]>
              </value>
            </param>
            <param index="1">
              <value>
                <![CDATA[[TestResult name=homeLoanValidationTest status=SUCCESS method=HomeLoansTest.homeLoanValidationTest()[pri:0, instance:pages.HomeLoansTest@28dcca0c] output=[[ChromeDriver: chrome on windows (14275cfab185c474a68395566aa00bfc)] -> xpath: //span[text()='Home Loans']//parent::a[@id='navHomeLoans']]<---------> has been clicked<br>]]]>
              </value>
            </param>
          </params>
          <reporter-output>
          </reporter-output>
        </test-method> <!-- afterEachTest -->
        <test-method is-config="true" signature="tearUp()[pri:0, instance:pages.HomeLoansTest@28dcca0c]" started-at="2024-01-21T13:59:44 EST" name="tearUp" finished-at="2024-01-21T13:59:44 EST" duration-ms="292" status="PASS">
          <reporter-output>
          </reporter-output>
        </test-method> <!-- tearUp -->
        <test-method is-config="true" signature="publishReport()[pri:0, instance:pages.HomeLoansTest@28dcca0c]" started-at="2024-01-21T13:59:44 EST" name="publishReport" finished-at="2024-01-21T13:59:45 EST" duration-ms="449" status="PASS">
          <reporter-output>
          </reporter-output>
        </test-method> <!-- publishReport -->
      </class> <!-- pages.HomeLoansTest -->
    </test> <!-- Default test -->
  </suite> <!-- Default suite -->
</testng-results>
